<?xml version="1.0" encoding="UTF-8"?>
<coverage generated="1653276729099" clover="3.2.0">
  <project timestamp="1653276729099" name="All files">
    <metrics statements="18" coveredstatements="18" conditionals="4" coveredconditionals="3" methods="5" coveredmethods="5" elements="27" coveredelements="26" complexity="0" loc="18" ncloc="18" packages="1" files="1" classes="1"/>
    <file name="ValidateForm.js" path="C:\Users\DELL\dev\fun-math\client\src\utils\ValidateForm.js">
      <metrics statements="18" coveredstatements="18" conditionals="4" coveredconditionals="3" methods="5" coveredmethods="5"/>
      <line num="2" count="3" type="cond" truecount="3" falsecount="1"/>
      <line num="3" count="3" type="stmt"/>
      <line num="4" count="3" type="stmt"/>
      <line num="5" count="3" type="stmt"/>
      <line num="6" count="3" type="stmt"/>
      <line num="7" count="3" type="stmt"/>
      <line num="8" count="3" type="stmt"/>
      <line num="9" count="3" type="stmt"/>
      <line num="10" count="3" type="stmt"/>
      <line num="11" count="3" type="stmt"/>
      <line num="14" count="3" type="stmt"/>
      <line num="15" count="3" type="stmt"/>
      <line num="19" count="5" type="stmt"/>
      <line num="20" count="5" type="stmt"/>
      <line num="24" count="3" type="stmt"/>
      <line num="25" count="3" type="stmt"/>
      <line num="29" count="4" type="stmt"/>
      <line num="30" count="4" type="stmt"/>
    </file>
  </project>
</coverage>
